c:\users\somewhere\source\repos\scopeviewer\x64\release\scopeviewer.pch
c:\users\somewhere\source\repos\scopeviewer\x64\release\vc142.pdb
c:\users\somewhere\source\repos\scopeviewer\x64\release\pch.obj
c:\users\somewhere\source\repos\scopeviewer\x64\release\setdlg.obj
c:\users\somewhere\source\repos\scopeviewer\x64\release\scopeviewerdlg.obj
c:\users\somewhere\source\repos\scopeviewer\x64\release\scopeviewer.obj
c:\users\somewhere\source\repos\scopeviewer\x64\release\scopeviewer.exe
c:\users\somewhere\source\repos\scopeviewer\x64\release\scopeviewer.pdb
c:\users\somewhere\source\repos\scopeviewer\x64\release\scopeviewer.res
c:\users\somewhere\source\repos\scopeviewer\x64\release\scopeviewer.ipdb
c:\users\somewhere\source\repos\scopeviewer\x64\release\scopeviewer.iobj
c:\users\somewhere\source\repos\scopeviewer\x64\release\scopeviewer.tlog\cl.command.1.tlog
c:\users\somewhere\source\repos\scopeviewer\x64\release\scopeviewer.tlog\cl.read.1.tlog
c:\users\somewhere\source\repos\scopeviewer\x64\release\scopeviewer.tlog\cl.write.1.tlog
c:\users\somewhere\source\repos\scopeviewer\x64\release\scopeviewer.tlog\link.command.1.tlog
c:\users\somewhere\source\repos\scopeviewer\x64\release\scopeviewer.tlog\link.read.1.tlog
c:\users\somewhere\source\repos\scopeviewer\x64\release\scopeviewer.tlog\link.write.1.tlog
c:\users\somewhere\source\repos\scopeviewer\x64\release\scopeviewer.tlog\rc.command.1.tlog
c:\users\somewhere\source\repos\scopeviewer\x64\release\scopeviewer.tlog\rc.read.1.tlog
c:\users\somewhere\source\repos\scopeviewer\x64\release\scopeviewer.tlog\rc.write.1.tlog
c:\users\somewhere\source\repos\scopeviewer\x64\release\scopeviewer.tlog\scopeviewer.write.1u.tlog
